IQ-TREE multicore version 1.6.12 for Linux 64-bit built Mar 23 2020
Developed by Bui Quang Minh, Nguyen Lam Tung, Olga Chernomor,
Heiko Schmidt, Dominik Schrempf, Michael Woodhams.

Host:    thong (AVX2, FMA3, 15 GB RAM)
Command: iqtree -s /media/thong/sda/RCID/A.Phong/PhyloBuild/fasta/merged.aln
Seed:    614667 (Using SPRNG - Scalable Parallel Random Number Generator)
Time:    Thu Mar 13 09:16:59 2025
Kernel:  AVX+FMA - 1 threads (8 CPU cores detected)

HINT: Use -nt option to specify number of threads because your CPU has 8 cores!
HINT: -nt AUTO will automatically determine the best number of threads to use.

Reading alignment file /media/thong/sda/RCID/A.Phong/PhyloBuild/fasta/merged.aln ... Fasta format detected
Alignment most likely contains DNA/RNA sequences
WARNING: 1 sites contain only gaps or ambiguous characters.
Alignment has 213 sequences with 2104 columns, 1961 distinct patterns
1448 parsimony-informative, 371 singleton sites, 285 constant sites
WARNING: Some sequence names are changed as follows:
MG543732.1:19-533 -> MG543732.1_19-533
PQ269859.1:14-528 -> PQ269859.1_14-528
KM513579.1:18-531 -> KM513579.1_18-531
OP060705.1:19-532 -> OP060705.1_19-532
MH712154.1:20-533 -> MH712154.1_20-533
OP238466.1:7-519 -> OP238466.1_7-519
MW016414.1:16-527 -> MW016414.1_16-527
JN624882.1:12-523 -> JN624882.1_12-523
MH712156.1:16-527 -> MH712156.1_16-527
MW581306.1:7-506 -> MW581306.1_7-506
OQ102622.1:9-504 -> OQ102622.1_9-504
HQ700354.1:12-511 -> HQ700354.1_12-511
MW581325.1:10-509 -> MW581325.1_10-509
MW581323.1:8-507 -> MW581323.1_8-507
MW581274.1:11-510 -> MW581274.1_11-510
MH497385.1:9-503 -> MH497385.1_9-503
ON979428.1:8-506 -> ON979428.1_8-506
MH497387.1:9-503 -> MH497387.1_9-503
MH497386.1:9-503 -> MH497386.1_9-503
OR939713.1:153-681 -> OR939713.1_153-681
MZ436987.1:38-566 -> MZ436987.1_38-566
MT913002.1:18-549 -> MT913002.1_18-549
MT928533.1:21-552 -> MT928533.1_21-552
KM520010.1:18-549 -> KM520010.1_18-549
KJ625631.1:2-533 -> KJ625631.1_2-533
ON746571.1:20-551 -> ON746571.1_20-551
MK123443.1:7-538 -> MK123443.1_7-538
PP537918.1:10-541 -> PP537918.1_10-541
OP288215.1:16-547 -> OP288215.1_16-547
MZ157058.1:20-551 -> MZ157058.1_20-551
MT993618.1:7-538 -> MT993618.1_7-538
PQ302434.1:11-540 -> PQ302434.1_11-540
ON063274.1:30-559 -> ON063274.1_30-559
OP801679.1:42-570 -> OP801679.1_42-570
KX442659.1:65-593 -> KX442659.1_65-593
MT066189.1:149-677 -> MT066189.1_149-677
JX949177.1:15-544 -> JX949177.1_15-544
MW600265.1:21-549 -> MW600265.1_21-549
HG995564.1:23-551 -> HG995564.1_23-551
PQ699345.1:18-547 -> PQ699345.1_18-547
KX925279.1:3-535 -> KX925279.1_3-535
PQ302374.1:21-551 -> PQ302374.1_21-551
FJ037739.1:42-574 -> FJ037739.1_42-574
GU066649.1:34-567 -> GU066649.1_34-567
MK281561.1:20-554 -> MK281561.1_20-554
GU066664.1:45-576 -> GU066664.1_45-576
KU671359.1:45-576 -> KU671359.1_45-576
OM281089.1:23-555 -> OM281089.1_23-555
EU054404.1:46-577 -> EU054404.1_46-577
KY965395.1:47-688 -> KY965395.1_47-688
MG837526.1:40-684 -> MG837526.1_40-684
KF176581.1:40-684 -> KF176581.1_40-684
MW186478.1:36-680 -> MW186478.1_36-680
JF705215.1:40-684 -> JF705215.1_40-684
MT159541.1:25-668 -> MT159541.1_25-668
MG837524.1:40-683 -> MG837524.1_40-683
KF176606.1:40-684 -> KF176606.1_40-684
MW369639.1:40-684 -> MW369639.1_40-684
MG837525.1:40-684 -> MG837525.1_40-684
MK243486.1:15-528 -> MK243486.1_15-528
MN227420.1:26-564 -> MN227420.1_26-564
MN227410.1:26-564 -> MN227410.1_26-564
MN227422.1:26-564 -> MN227422.1_26-564
MN227407.1:26-564 -> MN227407.1_26-564
MN227423.1:26-564 -> MN227423.1_26-564
MN227405.1:26-564 -> MN227405.1_26-564
MN227478.1:26-564 -> MN227478.1_26-564
MN227440.1:26-564 -> MN227440.1_26-564
MN227428.1:26-564 -> MN227428.1_26-564
MN227446.1:26-564 -> MN227446.1_26-564
MG980397.1:45-538 -> MG980397.1_45-538
EU002891.1:41-519 -> EU002891.1_41-519
PQ285209.1:6-490 -> PQ285209.1_6-490
OL413441.1:64-547 -> OL413441.1_64-547
KR816861.1:1-474 -> KR816861.1_1-474
JN030357.1:1-482 -> JN030357.1_1-482
FJ224123.1:538-986 -> FJ224123.1_538-986
EU250374.1:70-563 -> EU250374.1_70-563
JN545760.1:44-534 -> JN545760.1_44-534

                    Gap/Ambiguity  Composition  p-value
   1  MG543732.1_19-533    75.52%    failed      0.59%
   2  PQ269859.1_14-528    75.52%    failed      0.59%
   3  KM513579.1_18-531    75.57%    failed      0.58%
   4  OP060705.1_19-532    75.57%    failed      0.58%
   5  MH712154.1_20-533    75.57%    failed      0.58%
   6  OP238466.1_7-519     75.62%    failed      0.56%
   7  MW016414.1_16-527    75.67%    failed      0.57%
   8  JN624882.1_12-523    75.67%    failed      0.57%
   9  MH712156.1_16-527    75.67%    failed      0.57%
  10  MD-H1                75.52%    failed      0.59%
  11  MW581306.1_7-506     76.24%    failed      0.53%
  12  OQ102622.1_9-504     76.43%    failed      0.71%
  13  HQ700354.1_12-511    76.24%    failed      0.53%
  14  MW581325.1_10-509    76.24%    failed      0.53%
  15  MW581323.1_8-507     76.24%    failed      0.53%
  16  MW581274.1_11-510    76.24%    failed      0.53%
  17  MH497385.1_9-503     76.47%    failed      0.81%
  18  ON979428.1_8-506     76.28%    failed      0.62%
  19  MH497387.1_9-503     76.47%    failed      0.81%
  20  MH497386.1_9-503     76.47%    failed      0.81%
  21  MD-L1                76.28%    failed      0.62%
  22  OR939713.1_153-681   74.86%    passed     51.71%
  23  MZ436987.1_38-566    74.86%    passed     51.71%
  24  MD-L2                74.76%    passed     45.17%
  25  MT913002.1_18-549    74.71%    failed      0.79%
  26  MT928533.1_21-552    74.71%    failed      0.79%
  27  KM520010.1_18-549    74.71%    failed      0.79%
  28  KJ625631.1_2-533     74.71%    failed      0.79%
  29  ON746571.1_20-551    74.71%    failed      0.79%
  30  MK123443.1_7-538     74.71%    failed      0.79%
  31  PP537918.1_10-541    74.71%    failed      0.79%
  32  OP288215.1_16-547    74.71%    failed      0.79%
  33  MZ157058.1_20-551    74.71%    failed      0.79%
  34  MT993618.1_7-538     74.71%    failed      0.79%
  35  MD-L3                74.62%    failed      0.99%
  36  PQ302434.1_11-540    74.81%    passed     44.30%
  37  ON063274.1_30-559    74.81%    passed     48.46%
  38  OP801679.1_42-570    74.86%    passed     51.71%
  39  KX442659.1_65-593    74.86%    passed     51.71%
  40  MT066189.1_149-677   74.86%    passed     51.71%
  41  JX949177.1_15-544    74.81%    passed     55.59%
  42  MW600265.1_21-549    74.86%    passed     51.71%
  43  HG995564.1_23-551    74.86%    passed     51.71%
  44  MD-L4                74.76%    passed     45.17%
  45  PQ699345.1_18-547    74.81%    failed      2.04%
  46  KX925279.1_3-535     74.67%    failed      2.35%
  47  PQ302374.1_21-551    74.76%    failed      2.68%
  48  FJ037739.1_42-574    74.67%    failed      1.54%
  49  GU066649.1_34-567    74.62%    failed      3.51%
  50  MK281561.1_20-554    74.57%    failed      1.49%
  51  GU066664.1_45-576    74.71%    failed      2.30%
  52  KU671359.1_45-576    74.71%    failed      2.48%
  53  OM281089.1_23-555    74.67%    failed      1.68%
  54  EU054404.1_46-577    74.71%    failed      1.97%
  55  MD-L5                74.71%    failed      1.64%
  56  KY965395.1_47-688    69.49%    passed      8.54%
  57  MG837526.1_40-684    69.34%    failed      3.49%
  58  KF176581.1_40-684    69.34%    failed      4.06%
  59  MW186478.1_36-680    69.34%    failed      3.19%
  60  JF705215.1_40-684    69.34%    failed      3.19%
  61  MT159541.1_25-668    69.39%    failed      2.85%
  62  MG837524.1_40-683    69.39%    failed      4.24%
  63  KF176606.1_40-684    69.34%    failed      4.06%
  64  MW369639.1_40-684    69.34%    failed      2.85%
  65  MG837525.1_40-684    69.34%    failed      3.52%
  66  MD-R1                68.54%    failed      1.91%
  67  MK243486.1_15-528    75.57%    failed      0.58%
  68  MD-T10               75.52%    failed      0.59%
  69  MN227420.1_26-564    74.38%    failed      0.00%
  70  MN227410.1_26-564    74.38%    failed      0.00%
  71  MN227422.1_26-564    74.38%    failed      0.00%
  72  MN227407.1_26-564    74.38%    failed      0.00%
  73  MN227423.1_26-564    74.38%    failed      0.00%
  74  MN227405.1_26-564    74.38%    failed      0.00%
  75  MN227478.1_26-564    74.38%    failed      0.00%
  76  MN227440.1_26-564    74.38%    failed      0.00%
  77  MN227428.1_26-564    74.38%    failed      0.00%
  78  MN227446.1_26-564    74.38%    failed      0.00%
  79  MD-T1                73.67%    failed      0.00%
  80  MG980397.1_45-538    76.52%    passed     24.75%
  81  EU002891.1_41-519    77.23%    passed     21.21%
  82  PQ285209.1_6-490     76.95%    passed     23.53%
  83  OL413441.1_64-547    77.00%    passed     20.77%
  84  KR816861.1_1-474     77.47%    passed     31.66%
  85  JN030357.1_1-482     77.09%    passed     34.68%
  86  FJ224123.1_538-986   78.66%    passed     49.22%
  87  EU250374.1_70-563    76.52%    passed     34.56%
  88  JN545760.1_44-534    76.66%    passed     26.19%
  89  MD-T2                76.38%    passed     33.79%
  90  NR_198123.1          78.56%    passed     75.27%
  91  NR_185411.1          59.60%    passed     18.50%
  92  NR_182807.1          71.86%    passed     21.71%
  93  NR_177586.1          74.19%    passed     14.64%
  94  NR_175084.1          68.35%    passed     63.73%
  95  NR_171823.1          70.34%    passed     23.05%
  96  NR_160640.1          74.81%    failed      0.92%
  97  NR_158908.1          69.15%    passed     50.46%
  98  NR_158799.1          69.82%    failed      2.28%
  99  NR_158795.1          69.06%    passed     22.70%
 100  NR_154671.1          72.81%    passed     24.03%
 101  NR_132806.1          68.77%    failed      0.19%
 102  NR_119547.1          67.11%    failed      0.00%
 103  NR_119533.1          71.58%    failed      1.26%
 104  NR_198529.1          73.10%    passed     53.99%
 105  NR_198528.1          72.91%    passed     69.64%
 106  NR_198527.1          77.04%    failed      0.72%
 107  NR_198526.1          77.19%    failed      0.60%
 108  NR_198525.1          77.23%    failed      0.48%
 109  NR_198524.1          68.73%    passed     49.19%
 110  NR_198523.1          68.73%    failed      0.00%
 111  NR_198522.1          67.87%    failed      0.00%
 112  NR_189889.1          73.57%    passed     50.08%
 113  NR_189888.1          77.47%    failed      1.53%
 114  NR_189887.1          68.25%    failed      0.00%
 115  NR_186908.1          67.92%    failed      0.00%
 116  NR_185353.1          63.50%    passed     23.56%
 117  NR_182822.1          69.39%    failed      0.00%
 118  NR_197859.1          73.34%    passed     65.87%
 119  NR_119625.1          69.20%    failed      0.00%
 120  NR_111241.1          70.67%    passed     66.45%
 121  NR_111240.1          69.77%    passed     86.73%
 122  NR_077175.1          68.11%    passed     66.57%
 123  NR_159603.1          67.49%    passed     65.27%
 124  NR_121280.1          69.06%    failed      0.01%
 125  NR_189926.1          73.81%    failed      0.00%
 126  NR_186946.1          66.21%    failed      0.00%
 127  NR_186945.1          73.34%    failed      0.66%
 128  NR_185673.1          71.01%    failed      0.00%
 129  NR_168761.1          70.87%    failed      0.00%
 130  NR_168426.1          67.35%    failed      0.02%
 131  NR_168424.1          71.39%    failed      0.00%
 132  NR_121478.1          68.06%    failed      0.34%
 133  NR_121477.1          68.01%    failed      0.25%
 134  NR_121476.1          68.20%    failed      0.12%
 135  NR_121448.1          69.30%    failed      0.15%
 136  NR_197890.1          54.90%    passed     37.40%
 137  NR_177181.1          54.23%    passed     15.40%
 138  NR_165200.1          60.60%    passed      7.94%
 139  NR_164279.1          60.98%    passed     73.38%
 140  NR_164223.1          51.62%    failed      0.00%
 141  NR_164222.1          48.57%    passed     36.68%
 142  NR_164211.1          56.32%    failed      0.00%
 143  NR_154392.1          62.40%    passed     14.66%
 144  NR_154391.1          60.46%    failed      1.38%
 145  NR_119555.1          64.54%    failed      0.00%
 146  NR_198185.1          65.45%    failed      0.01%
 147  NR_198092.1          75.00%    failed      3.06%
 148  NR_197799.1          73.24%    failed      0.00%
 149  NR_197471.1          69.44%    failed      0.31%
 150  NR_103640.1          73.53%    failed      0.00%
 151  NR_191184.1          71.06%    failed      0.07%
 152  NR_191183.1          70.72%    failed      2.81%
 153  NR_191182.1          70.10%    failed      0.20%
 154  NR_191181.1          73.29%    failed      1.99%
 155  NR_191180.1          74.00%    failed      0.00%
 156  NR_172743.1          73.57%    failed      0.05%
 157  NR_164089.1          81.23%    passed     20.15%
 158  NR_160104.1          70.82%    failed      0.00%
 159  NR_159869.1          75.38%    failed      0.07%
 160  NR_154181.1          69.68%    failed      2.15%
 161  NR_138418.1          72.77%    failed      0.00%
 162  NR_198859.1          73.24%    failed      0.01%
 163  NR_198858.1          73.57%    failed      0.34%
 164  NR_198848.1          70.20%    failed      0.00%
 165  NR_198847.1          74.05%    failed      0.02%
 166  NR_198363.1          72.39%    failed      2.81%
 167  NR_158838.1          74.05%    passed     23.14%
 168  NR_155564.1          76.24%    passed     15.58%
 169  NR_148062.1          73.34%    passed     13.46%
 170  NR_111686.1          72.67%    passed     83.09%
 171  NR_111082.1          71.91%    passed     35.64%
 172  NR_197470.1          60.93%    failed      0.00%
 173  NR_073292.1          70.87%    passed     19.05%
 174  NR_191201.1          64.83%    failed      0.06%
 175  NR_191070.1          72.05%    passed     34.31%
 176  NR_191069.1          68.44%    passed     74.50%
 177  NR_147650.1          71.20%    failed      4.63%
 178  NR_119552.1          70.15%    passed     16.77%
 179  NR_182530.1          84.89%    failed      3.46%
 180  NR_182528.1          77.61%    failed      0.34%
 181  NR_151797.1          70.15%    failed      0.45%
 182  NR_198845.1          79.75%    failed      0.01%
 183  NR_198597.1          78.75%    failed      2.96%
 184  NR_198342.1          83.56%    failed      0.85%
 185  NR_198341.1          83.37%    failed      1.62%
 186  NR_198340.1          83.37%    passed     15.39%
 187  NR_198339.1          83.08%    failed      0.06%
 188  NR_198113.1          71.77%    passed      8.10%
 189  NR_197934.1          72.39%    passed     35.90%
 190  NR_189511.1          61.98%    failed      0.00%
 191  NR_172369.1          72.39%    passed     29.99%
 192  NR_172284.1          69.58%    passed     14.33%
 193  NR_172188.1          75.86%    passed      8.68%
 194  NR_160073.1          69.91%    passed     28.73%
 195  NR_160071.1          69.82%    passed     40.20%
 196  NR_160070.1          71.63%    passed     19.98%
 197  NR_160065.1          70.20%    passed     40.88%
 198  NR_121541.1          72.10%    failed      3.94%
 199  NR_121469.1          52.85%    failed      0.00%
 200  NR_121468.1          55.47%    failed      0.00%
 201  NR_121206.1          70.77%    passed     91.55%
 202  NR_121199.1          61.79%    failed      0.01%
 203  NR_198844.1          69.06%    passed      9.32%
 204  NR_165942.1          77.23%    passed     52.80%
 205  NR_189987.1          70.53%    passed     28.88%
 206  NR_189760.1          67.02%    passed     45.85%
 207  NR_185630.1          64.07%    passed     20.31%
 208  NR_073343.1          71.67%    failed      0.10%
 209  NR_130693.1          61.88%    passed      9.79%
 210  NR_182836.1          64.12%    failed      0.03%
 211  NR_174931.1          68.96%    passed     97.59%
 212  NR_174711.1          76.00%    passed     29.18%
 213  NR_174710.1          75.67%    passed     43.22%
WARNING: 212 sequences contain more than 50% gaps/ambiguity
****  TOTAL                72.00%  135 sequences failed composition chi2 test (p-value<5%; df=3)
NOTE: PQ269859.1_14-528 is identical to MG543732.1_19-533 but kept for subsequent analysis
NOTE: OP060705.1_19-532 is identical to KM513579.1_18-531 but kept for subsequent analysis
NOTE: JN624882.1_12-523 is identical to MW016414.1_16-527 but kept for subsequent analysis
NOTE: MW581323.1_8-507 is identical to MW581325.1_10-509 but kept for subsequent analysis
NOTE: MH497387.1_9-503 is identical to MH497385.1_9-503 but kept for subsequent analysis
NOTE: MZ436987.1_38-566 is identical to OR939713.1_153-681 but kept for subsequent analysis
NOTE: MD-L4 is identical to MD-L2 but kept for subsequent analysis
NOTE: MT928533.1_21-552 is identical to MT913002.1_18-549 but kept for subsequent analysis
NOTE: JF705215.1_40-684 is identical to MW186478.1_36-680 but kept for subsequent analysis
NOTE: MN227410.1_26-564 is identical to MN227420.1_26-564 but kept for subsequent analysis
NOTE: 28 identical sequences (see below) will be ignored for subsequent analysis
NOTE: MD-H1 (identical to MG543732.1_19-533) is ignored but added at the end
NOTE: MD-T10 (identical to MG543732.1_19-533) is ignored but added at the end
NOTE: MH712154.1_20-533 (identical to KM513579.1_18-531) is ignored but added at the end
NOTE: MK243486.1_15-528 (identical to KM513579.1_18-531) is ignored but added at the end
NOTE: MH712156.1_16-527 (identical to MW016414.1_16-527) is ignored but added at the end
NOTE: MW581274.1_11-510 (identical to MW581325.1_10-509) is ignored but added at the end
NOTE: MH497386.1_9-503 (identical to MH497385.1_9-503) is ignored but added at the end
NOTE: OP801679.1_42-570 (identical to OR939713.1_153-681) is ignored but added at the end
NOTE: KX442659.1_65-593 (identical to OR939713.1_153-681) is ignored but added at the end
NOTE: MT066189.1_149-677 (identical to OR939713.1_153-681) is ignored but added at the end
NOTE: MW600265.1_21-549 (identical to OR939713.1_153-681) is ignored but added at the end
NOTE: HG995564.1_23-551 (identical to OR939713.1_153-681) is ignored but added at the end
NOTE: KM520010.1_18-549 (identical to MT913002.1_18-549) is ignored but added at the end
NOTE: KJ625631.1_2-533 (identical to MT913002.1_18-549) is ignored but added at the end
NOTE: ON746571.1_20-551 (identical to MT913002.1_18-549) is ignored but added at the end
NOTE: MK123443.1_7-538 (identical to MT913002.1_18-549) is ignored but added at the end
NOTE: PP537918.1_10-541 (identical to MT913002.1_18-549) is ignored but added at the end
NOTE: OP288215.1_16-547 (identical to MT913002.1_18-549) is ignored but added at the end
NOTE: MZ157058.1_20-551 (identical to MT913002.1_18-549) is ignored but added at the end
NOTE: MT993618.1_7-538 (identical to MT913002.1_18-549) is ignored but added at the end
NOTE: MN227422.1_26-564 (identical to MN227420.1_26-564) is ignored but added at the end
NOTE: MN227407.1_26-564 (identical to MN227420.1_26-564) is ignored but added at the end
NOTE: MN227423.1_26-564 (identical to MN227420.1_26-564) is ignored but added at the end
NOTE: MN227405.1_26-564 (identical to MN227420.1_26-564) is ignored but added at the end
NOTE: MN227478.1_26-564 (identical to MN227420.1_26-564) is ignored but added at the end
NOTE: MN227440.1_26-564 (identical to MN227420.1_26-564) is ignored but added at the end
NOTE: MN227428.1_26-564 (identical to MN227420.1_26-564) is ignored but added at the end
NOTE: MN227446.1_26-564 (identical to MN227420.1_26-564) is ignored but added at the end

For your convenience alignment with unique sequences printed to /media/thong/sda/RCID/A.Phong/PhyloBuild/fasta/merged.aln.uniqueseq.phy

NOTE: Restoring information from model checkpoint file /media/thong/sda/RCID/A.Phong/PhyloBuild/fasta/merged.aln.model.gz

CHECKPOINT: Initial tree restored
NOTE: ModelFinder requires 118 MB RAM!
ModelFinder will test 286 DNA models (sample size: 2104) ...
 No. Model         -LnL         df  AIC          AICc         BIC
  1  JC            62068.299    367 124870.598   125026.193   126944.734
  2  JC+I          61304.098    368 123344.196   123500.729   125423.983
  3  JC+G4         58674.191    368 118084.383   118240.915   120164.170
  4  JC+I+G4       58577.993    369 117893.986   118051.460   119979.425
  5  JC+R2         58919.275    369 118576.551   118734.025   120661.990
  6  JC+R3         58535.019    371 117812.038   117971.405   119908.779
  7  JC+R4         58438.619    373 117623.237   117784.511   119731.282
  8  JC+R5         58383.476    375 117516.951   117680.145   119636.299
  9  JC+R6         58363.810    377 117481.620   117646.748   119612.271
 10  JC+R7         58360.607    379 117479.215   117646.291   119621.169
 14  F81+F         61881.973    370 124503.947   124662.366   126595.037
 15  F81+F+I       61114.939    371 122971.878   123131.245   125068.620
 16  F81+F+G4      58428.985    371 117599.970   117759.337   119696.712
 17  F81+F+I+G4    58334.367    372 117412.735   117573.054   119515.128
 18  F81+F+R2      58662.740    372 118069.479   118229.798   120171.873
 19  F81+F+R3      58267.127    374 117282.255   117444.487   119395.951
 20  F81+F+R4      58172.588    376 117097.176   117261.336   119222.176
 21  F81+F+R5      58121.450    378 116998.900   117165.001   119135.203
 22  F81+F+R6      58110.039    380 116980.078   117148.133   119127.684
 23  F81+F+R7      58107.285    382 116978.570   117148.594   119137.479
 27  K2P           61441.486    368 123618.972   123775.504   125698.759
 28  K2P+I         60668.555    369 122075.109   122232.583   124160.548
 29  K2P+G4        57901.322    369 116540.643   116698.117   118626.082
 30  K2P+I+G4      57806.645    370 116353.290   116511.709   118444.380
 31  K2P+R2        58173.215    370 117086.429   117244.848   119177.520
 32  K2P+R3        57750.503    372 116245.006   116405.325   118347.400
 33  K2P+R4        57643.133    374 116034.267   116196.499   118147.964
 34  K2P+R5        57599.837    376 115951.674   116115.833   118076.674
 35  K2P+R6        57591.886    378 115939.771   116105.872   118076.074
 36  K2P+R7        57591.576    380 115943.151   116111.207   118090.758
 40  HKY+F         61187.663    371 123117.326   123276.694   125214.068
 41  HKY+F+I       60414.435    372 121572.870   121733.189   123675.264
 42  HKY+F+G4      57569.378    372 115882.755   116043.074   117985.149
 43  HKY+F+I+G4    57478.392    373 115702.784   115864.058   117810.829
 44  HKY+F+R2      57841.520    373 116429.039   116590.313   118537.084
 45  HKY+F+R3      57415.005    375 115580.010   115743.204   117699.358
 46  HKY+F+R4      57309.402    377 115372.803   115537.932   117503.455
 47  HKY+F+R5      57266.598    379 115291.196   115458.273   117433.151
 48  HKY+F+R6      57260.582    381 115283.165   115452.203   117436.423
 53  TNe           61394.830    369 123527.661   123685.135   125613.100
 54  TNe+I         60640.116    370 122020.233   122178.652   124111.323
 55  TNe+G4        57871.879    370 116483.759   116642.177   118574.849
 56  TNe+I+G4      57781.178    371 116304.356   116463.724   118401.098
 57  TNe+R2        58143.755    371 117029.510   117188.878   119126.252
 58  TNe+R3        57707.912    373 116161.825   116323.099   118269.870
 59  TNe+R4        57594.987    375 115939.974   116103.168   118059.322
 60  TNe+R5        57572.264    377 115898.528   116063.656   118029.179
 61  TNe+R6        57565.757    379 115889.514   116056.591   118031.469
 66  TN+F          61142.604    372 123029.208   123189.527   125131.602
 67  TN+F+I        60386.749    373 121519.498   121680.772   123627.543
 68  TN+F+G4       57542.384    373 115830.767   115992.041   117938.813
 69  TN+F+I+G4     57455.942    374 115659.884   115822.116   117773.580
 70  TN+F+R2       57815.444    374 116378.889   116541.121   118492.586
 71  TN+F+R3       57380.626    376 115513.252   115677.412   117638.252
 72  TN+F+R4       57268.321    378 115292.643   115458.743   117428.946
 73  TN+F+R5       57244.177    380 115248.355   115416.410   117395.961
 74  TN+F+R6       57238.503    382 115241.007   115411.031   117399.916
 79  K3P           61407.855    369 123553.711   123711.185   125639.149
 80  K3P+I         60634.232    370 122008.463   122166.882   124099.554
 81  K3P+G4        57867.120    370 116474.239   116632.658   118565.330
 82  K3P+I+G4      57772.261    371 116286.522   116445.889   118383.264
 83  K3P+R2        58120.485    371 116982.970   117142.338   119079.712
 84  K3P+R3        57702.582    373 116151.164   116312.438   118259.210
 85  K3P+R4        57583.893    375 115917.786   116080.980   118037.134
 86  K3P+R5        57562.228    377 115878.455   116043.584   118009.107
 87  K3P+R6        57555.874    379 115869.749   116036.825   118011.703
 92  K3Pu+F        61172.619    372 123089.237   123249.556   125191.631
 93  K3Pu+F+I      60398.386    373 121542.771   121704.045   123650.816
 94  K3Pu+F+G4     57554.389    373 115854.778   116016.052   117962.823
 95  K3Pu+F+I+G4   57463.139    374 115674.278   115836.510   117787.975
 96  K3Pu+F+R2     57816.547    374 116381.094   116543.327   118494.791
 97  K3Pu+F+R3     57393.090    376 115538.179   115702.339   117663.179
 98  K3Pu+F+R4     57276.985    378 115309.970   115476.071   117446.273
 99  K3Pu+F+R5     57250.294    380 115260.587   115428.643   117408.193
100  K3Pu+F+R6     57245.143    382 115254.286   115424.310   117413.195
105  TPM2+F        61154.898    372 123053.795   123214.114   125156.189
106  TPM2+F+I      60374.312    373 121494.624   121655.898   123602.669
107  TPM2+F+G4     57527.515    373 115801.030   115962.304   117909.075
108  TPM2+F+I+G4   57435.576    374 115619.152   115781.384   117732.848
109  TPM2+F+R2     57795.871    374 116339.741   116501.974   118453.438
110  TPM2+F+R3     57374.672    376 115501.343   115665.503   117626.343
111  TPM2+F+R4     57254.346    378 115264.692   115430.793   117400.995
112  TPM2+F+R5     57226.790    380 115213.580   115381.635   117361.186
113  TPM2+F+R6     57221.046    382 115206.093   115376.117   117365.002
118  TPM2u+F       61154.904    372 123053.807   123214.126   125156.201
119  TPM2u+F+I     60374.318    373 121494.635   121655.909   123602.681
120  TPM2u+F+G4    57527.520    373 115801.040   115962.314   117909.085
121  TPM2u+F+I+G4  57435.565    374 115619.129   115781.362   117732.826
122  TPM2u+F+R2    57795.924    374 116339.848   116502.080   118453.545
123  TPM2u+F+R3    57374.604    376 115501.208   115665.368   117626.208
124  TPM2u+F+R4    57254.001    378 115264.002   115430.103   117400.306
125  TPM2u+F+R5    57226.562    380 115213.124   115381.179   117360.730
126  TPM2u+F+R6    57220.868    382 115205.736   115375.761   117364.646
131  TPM3+F        61165.523    372 123075.045   123235.364   125177.439
132  TPM3+F+I      60391.748    373 121529.496   121690.770   123637.541
133  TPM3+F+G4     57545.709    373 115837.419   115998.693   117945.464
134  TPM3+F+I+G4   57454.186    374 115656.373   115818.605   117770.070
135  TPM3+F+R2     57816.371    374 116380.742   116542.975   118494.439
136  TPM3+F+R3     57384.652    376 115521.303   115685.463   117646.303
137  TPM3+F+R4     57266.907    378 115289.814   115455.915   117426.117
138  TPM3+F+R5     57242.757    380 115245.515   115413.570   117393.121
139  TPM3+F+R6     57237.336    382 115238.673   115408.697   117397.582
144  TPM3u+F       61165.494    372 123074.988   123235.307   125177.381
145  TPM3u+F+I     60391.720    373 121529.441   121690.715   123637.486
146  TPM3u+F+G4    57545.685    373 115837.369   115998.643   117945.415
147  TPM3u+F+I+G4  57454.148    374 115656.296   115818.528   117769.992
148  TPM3u+F+R2    57816.287    374 116380.575   116542.807   118494.272
149  TPM3u+F+R3    57384.546    376 115521.093   115685.253   117646.093
150  TPM3u+F+R4    57266.653    378 115289.306   115455.407   117425.609
151  TPM3u+F+R5    57242.652    380 115245.304   115413.360   117392.910
152  TPM3u+F+R6    57237.294    382 115238.588   115408.612   117397.497
157  TIMe          61361.206    370 123462.411   123620.830   125553.501
158  TIMe+I        60605.803    371 121953.606   122112.973   124050.348
159  TIMe+G4       57837.482    371 116416.964   116576.331   118513.706
160  TIMe+I+G4     57746.882    372 116237.765   116398.084   118340.158
161  TIMe+R2       58105.092    372 116954.184   117114.503   119056.578
162  TIMe+R3       57670.642    374 116089.283   116251.516   118202.980
163  TIMe+R4       57553.905    376 115859.811   116023.971   117984.811
164  TIMe+R5       57536.764    378 115829.528   115995.629   117965.831
165  TIMe+R6       57530.550    380 115821.100   115989.156   117968.707
170  TIM+F         61127.616    373 123001.231   123162.505   125109.276
171  TIM+F+I       60370.742    374 121489.485   121651.717   123603.181
172  TIM+F+G4      57527.214    374 115802.427   115964.660   117916.124
173  TIM+F+I+G4    57440.597    375 115631.194   115794.388   117750.542
174  TIM+F+R2      57799.831    375 116349.662   116512.856   118469.010
175  TIM+F+R3      57364.830    377 115483.660   115648.789   117614.312
176  TIM+F+R4      57249.969    379 115257.938   115425.014   117399.892
177  TIM+F+R5      57228.286    381 115218.573   115387.611   117371.831
178  TIM+F+R6      57222.827    383 115211.653   115382.667   117376.214
183  TIM2e         61313.617    370 123367.234   123525.653   125458.325
184  TIM2e+I       60546.608    371 121835.217   121994.584   123931.959
185  TIM2e+G4      57760.461    371 116262.921   116422.288   118359.663
186  TIM2e+I+G4    57670.497    372 116084.993   116245.312   118187.387
187  TIM2e+R2      58051.207    372 116846.414   117006.733   118948.807
188  TIM2e+R3      57618.355    374 115984.709   116146.942   118098.406
189  TIM2e+R4      57495.066    376 115742.133   115906.293   117867.133
190  TIM2e+R5      57472.996    378 115701.993   115868.094   117838.296
191  TIM2e+R6      57465.505    380 115691.011   115859.066   117838.617
196  TIM2+F        61111.321    373 122968.642   123129.916   125076.687
197  TIM2+F+I      60348.132    374 121444.265   121606.497   123557.962
198  TIM2+F+G4     57501.068    374 115750.135   115912.368   117863.832
199  TIM2+F+I+G4   57413.819    375 115577.638   115740.832   117696.986
200  TIM2+F+R2     57781.006    375 116312.012   116475.206   118431.360
201  TIM2+F+R3     57348.383    377 115450.767   115615.896   117581.418
202  TIM2+F+R4     57229.092    379 115216.184   115383.260   117358.138
203  TIM2+F+R5     57205.745    381 115173.490   115342.529   117326.748
204  TIM2+F+R6     57199.583    383 115165.166   115336.180   117329.727
209  TIM3e         61295.935    370 123331.871   123490.290   125422.961
210  TIM3e+I       60544.356    371 121830.712   121990.079   123927.453
211  TIM3e+G4      57768.185    371 116278.370   116437.737   118375.112
212  TIM3e+I+G4    57677.953    372 116099.906   116260.225   118202.299
213  TIM3e+R2      58065.174    372 116874.347   117034.666   118976.741
214  TIM3e+R3      57606.746    374 115961.492   116123.725   118075.189
215  TIM3e+R4      57489.436    376 115730.872   115895.032   117855.872
216  TIM3e+R5      57474.585    378 115705.169   115871.270   117841.473
217  TIM3e+R6      57467.998    380 115695.996   115864.051   117843.602
222  TIM3+F        61119.770    373 122985.539   123146.813   125093.584
223  TIM3+F+I      60363.474    374 121474.948   121637.181   123588.645
224  TIM3+F+G4     57518.082    374 115784.163   115946.396   117897.860
225  TIM3+F+I+G4   57430.622    375 115611.244   115774.438   117730.592
226  TIM3+F+R2     57799.995    375 116349.990   116513.184   118469.338
227  TIM3+F+R3     57354.654    377 115463.309   115628.437   117593.960
228  TIM3+F+R4     57238.937    379 115235.874   115402.950   117377.828
229  TIM3+F+R5     57220.396    381 115202.791   115371.830   117356.049
230  TIM3+F+R6     57214.276    383 115194.551   115365.565   117359.112
235  TVMe          61251.055    371 123244.109   123403.476   125340.851
236  TVMe+I        60468.636    372 121681.272   121841.591   123783.666
237  TVMe+G4       57677.434    372 116098.867   116259.186   118201.261
238  TVMe+I+G4     57584.262    373 115914.525   116075.799   118022.570
239  TVMe+R2       57976.364    373 116698.728   116860.002   118806.774
240  TVMe+R3       57540.439    375 115830.878   115994.073   117950.227
241  TVMe+R4       57414.911    377 115583.821   115748.950   117714.473
242  TVMe+R5       57392.321    379 115542.642   115709.718   117684.596
243  TVMe+R6       57385.091    381 115532.183   115701.221   117685.441
248  TVM+F         61129.223    374 123006.446   123168.679   125120.143
249  TVM+F+I       60348.066    375 121446.132   121609.326   123565.480
250  TVM+F+G4      57500.731    375 115751.461   115914.655   117870.809
251  TVM+F+I+G4    57408.194    376 115568.387   115732.547   117693.387
252  TVM+F+R2      57776.388    376 116304.776   116468.936   118429.776
253  TVM+F+R3      57348.786    378 115453.573   115619.674   117589.876
254  TVM+F+R4      57225.331    380 115210.662   115378.718   117358.269
255  TVM+F+R5      57201.634    382 115167.267   115337.292   117326.177
256  TVM+F+R6      57195.626    384 115159.252   115331.259   117329.464
261  SYM           61205.674    372 123155.347   123315.666   125257.741
262  SYM+I         60441.671    373 121629.342   121790.616   123737.387
263  SYM+G4        57647.351    373 116040.702   116201.976   118148.748
264  SYM+I+G4      57558.489    374 115864.978   116027.211   117978.675
265  SYM+R2        57961.633    374 116671.266   116833.499   118784.963
266  SYM+R3        57508.972    376 115769.944   115934.104   117894.944
267  SYM+R4        57387.106    378 115530.212   115696.313   117666.515
268  SYM+R5        57366.496    380 115492.992   115661.048   117640.598
269  SYM+R6        57358.632    382 115481.263   115651.288   117640.173
270  SYM+R7        57358.612    384 115485.224   115657.231   117655.437
274  GTR+F         61084.963    375 122919.926   123083.120   125039.274
275  GTR+F+I       60321.289    376 121394.578   121558.737   123519.578
276  GTR+F+G4      57473.706    376 115699.412   115863.572   117824.412
277  GTR+F+I+G4    57385.344    377 115524.688   115689.816   117655.339
278  GTR+F+R2      57761.813    377 116277.626   116442.754   118408.277
279  GTR+F+R3      57320.149    379 115398.299   115565.375   117540.253
280  GTR+F+R4      57200.808    381 115163.615   115332.654   117316.873
281  GTR+F+R5      57180.213    383 115126.426   115297.440   117290.987
282  GTR+F+R6      57173.389    385 115116.777   115289.781   117292.642
Akaike Information Criterion:           GTR+F+R6
Corrected Akaike Information Criterion: GTR+F+R6
Bayesian Information Criterion:         GTR+F+R5
Best-fit model: GTR+F+R5 chosen according to BIC

All model information printed to /media/thong/sda/RCID/A.Phong/PhyloBuild/fasta/merged.aln.model.gz
CPU time for ModelFinder: 1205.229 seconds (0h:20m:5s)
Wall-clock time for ModelFinder: 1210.590 seconds (0h:20m:10s)

NOTE: 59 MB RAM (0 GB) is required!
Estimate model parameters (epsilon = 0.100)
1. Initial log-likelihood: -58378.314
2. Current log-likelihood: -57309.297
3. Current log-likelihood: -57279.994
4. Current log-likelihood: -57268.519
5. Current log-likelihood: -57258.898
6. Current log-likelihood: -57250.841
7. Current log-likelihood: -57243.914
8. Current log-likelihood: -57238.068
9. Current log-likelihood: -57232.959
10. Current log-likelihood: -57228.486
11. Current log-likelihood: -57224.555
12. Current log-likelihood: -57221.158
13. Current log-likelihood: -57218.243
14. Current log-likelihood: -57216.406
15. Current log-likelihood: -57215.156
16. Current log-likelihood: -57214.096
17. Current log-likelihood: -57213.202
18. Current log-likelihood: -57212.463
19. Current log-likelihood: -57211.872
20. Current log-likelihood: -57211.488
21. Current log-likelihood: -57211.187
22. Current log-likelihood: -57210.964
23. Current log-likelihood: -57210.805
24. Current log-likelihood: -57210.699
Optimal log-likelihood: -57210.609
Rate parameters:  A-C: 1.02391  A-G: 2.48667  A-T: 1.47238  C-G: 0.85154  C-T: 3.19029  G-T: 1.00000
Base frequencies:  A: 0.268  C: 0.218  G: 0.223  T: 0.290
Site proportion and rates:  (0.095,0.059) (0.108,0.209) (0.117,0.475) (0.170,0.862) (0.511,1.508)
Parameters optimization took 24 rounds (44.918 sec)
Computing ML distances based on estimated model parameters... 0.564 sec
Computing BIONJ tree...
0.017 seconds
Log-likelihood of BIONJ tree: -57712.236
--------------------------------------------------------------------
|             INITIALIZING CANDIDATE TREE SET                      |
--------------------------------------------------------------------
Generating 98 parsimony trees... 10.081 second
Computing log-likelihood of 98 initial trees ... 24.691 seconds
Current best score: -57210.609

Do NNI search on 20 best initial trees
Estimate model parameters (epsilon = 0.100)
BETTER TREE FOUND at iteration 1: -57105.659
Estimate model parameters (epsilon = 0.100)
BETTER TREE FOUND at iteration 2: -57077.160
Estimate model parameters (epsilon = 0.100)
BETTER TREE FOUND at iteration 5: -57072.586
Iteration 10 / LogL: -57078.218 / Time: 0h:4m:3s
Iteration 20 / LogL: -57118.368 / Time: 0h:4m:43s
Finish initializing candidate tree set (20)
Current best tree score: -57072.586 / CPU time: 236.446
Number of iterations: 20
--------------------------------------------------------------------
|               OPTIMIZING CANDIDATE TREE SET                      |
--------------------------------------------------------------------
Estimate model parameters (epsilon = 0.100)
BETTER TREE FOUND at iteration 25: -57070.362
Estimate model parameters (epsilon = 0.100)
BETTER TREE FOUND at iteration 27: -57069.303
Iteration 30 / LogL: -57072.813 / Time: 0h:5m:36s (0h:18m:45s left)
Estimate model parameters (epsilon = 0.100)
BETTER TREE FOUND at iteration 31: -57068.109
Estimate model parameters (epsilon = 0.100)
BETTER TREE FOUND at iteration 34: -57063.507
Estimate model parameters (epsilon = 0.100)
BETTER TREE FOUND at iteration 35: -57062.455
Estimate model parameters (epsilon = 0.100)
BETTER TREE FOUND at iteration 37: -57061.779
Iteration 40 / LogL: -57062.036 / Time: 0h:6m:27s (0h:16m:4s left)
Estimate model parameters (epsilon = 0.100)
BETTER TREE FOUND at iteration 41: -57060.538
Estimate model parameters (epsilon = 0.100)
BETTER TREE FOUND at iteration 45: -57059.136
Iteration 50 / LogL: -57073.846 / Time: 0h:7m:13s (0h:14m:0s left)
Estimate model parameters (epsilon = 0.100)
BETTER TREE FOUND at iteration 58: -57058.530
Estimate model parameters (epsilon = 0.100)
BETTER TREE FOUND at iteration 60: -57054.594
Iteration 60 / LogL: -57054.594 / Time: 0h:7m:59s (0h:13m:32s left)
Iteration 70 / LogL: -57056.599 / Time: 0h:8m:37s (0h:11m:14s left)
Estimate model parameters (epsilon = 0.100)
BETTER TREE FOUND at iteration 77: -57051.373
Iteration 80 / LogL: -57060.076 / Time: 0h:9m:14s (0h:11m:20s left)
Estimate model parameters (epsilon = 0.100)
BETTER TREE FOUND at iteration 84: -57048.780
Iteration 90 / LogL: -57100.041 / Time: 0h:9m:55s (0h:10m:29s left)
Iteration 100 / LogL: -57052.664 / Time: 0h:10m:31s (0h:8m:56s left)
BETTER TREE FOUND at iteration 110: -57048.773
Iteration 110 / LogL: -57048.773 / Time: 0h:11m:7s (0h:10m:12s left)
Estimate model parameters (epsilon = 0.100)
BETTER TREE FOUND at iteration 118: -57048.463
Estimate model parameters (epsilon = 0.100)
BETTER TREE FOUND at iteration 119: -57047.622
Iteration 120 / LogL: -57048.163 / Time: 0h:11m:50s (0h:9m:50s left)
Estimate model parameters (epsilon = 0.100)
BETTER TREE FOUND at iteration 128: -57047.279
Estimate model parameters (epsilon = 0.100)
BETTER TREE FOUND at iteration 129: -57046.122
Iteration 130 / LogL: -57047.071 / Time: 0h:12m:28s (0h:9m:34s left)
Iteration 140 / LogL: -57046.380 / Time: 0h:13m:5s (0h:8m:22s left)
BETTER TREE FOUND at iteration 143: -57046.116
Iteration 150 / LogL: -57052.571 / Time: 0h:13m:43s (0h:8m:33s left)
Iteration 160 / LogL: -57054.233 / Time: 0h:14m:22s (0h:7m:30s left)
Estimate model parameters (epsilon = 0.100)
BETTER TREE FOUND at iteration 164: -57045.062
Iteration 170 / LogL: -57050.140 / Time: 0h:15m:4s (0h:8m:23s left)
Estimate model parameters (epsilon = 0.100)
BETTER TREE FOUND at iteration 173: -57044.567
Iteration 180 / LogL: -57045.477 / Time: 0h:15m:45s (0h:8m:11s left)
Estimate model parameters (epsilon = 0.100)
BETTER TREE FOUND at iteration 185: -57044.498
Iteration 190 / LogL: -57059.504 / Time: 0h:16m:23s (0h:8m:14s left)
Iteration 200 / LogL: -57048.213 / Time: 0h:17m:1s (0h:7m:16s left)
Estimate model parameters (epsilon = 0.100)
BETTER TREE FOUND at iteration 206: -57044.347
Iteration 210 / LogL: -57045.926 / Time: 0h:17m:39s (0h:8m:6s left)
Iteration 220 / LogL: -57045.569 / Time: 0h:18m:19s (0h:7m:11s left)
Iteration 230 / LogL: -57080.778 / Time: 0h:18m:57s (0h:6m:17s left)
BETTER TREE FOUND at iteration 234: -57044.346
Iteration 240 / LogL: -57047.684 / Time: 0h:19m:37s (0h:7m:43s left)
Iteration 250 / LogL: -57065.992 / Time: 0h:20m:14s (0h:6m:49s left)
Iteration 260 / LogL: -57046.306 / Time: 0h:20m:51s (0h:5m:57s left)
BETTER TREE FOUND at iteration 263: -57044.346
BETTER TREE FOUND at iteration 264: -57044.345
BETTER TREE FOUND at iteration 267: -57044.343
Iteration 270 / LogL: -57046.379 / Time: 0h:21m:28s (0h:7m:44s left)
Iteration 280 / LogL: -57048.492 / Time: 0h:22m:6s (0h:6m:53s left)
Iteration 290 / LogL: -57048.216 / Time: 0h:22m:45s (0h:6m:3s left)
Iteration 300 / LogL: -57049.925 / Time: 0h:23m:23s (0h:5m:14s left)
Iteration 310 / LogL: -57052.075 / Time: 0h:24m:3s (0h:4m:26s left)
Iteration 320 / LogL: -57099.955 / Time: 0h:24m:41s (0h:3m:38s left)
Iteration 330 / LogL: -57045.614 / Time: 0h:25m:16s (0h:2m:50s left)
Iteration 340 / LogL: -57073.287 / Time: 0h:25m:53s (0h:2m:3s left)
Iteration 350 / LogL: -57047.960 / Time: 0h:26m:32s (0h:1m:17s left)
BETTER TREE FOUND at iteration 360: -57044.343
Iteration 360 / LogL: -57044.343 / Time: 0h:27m:13s (0h:7m:35s left)
Iteration 370 / LogL: -57046.948 / Time: 0h:27m:49s (0h:6m:47s left)
Iteration 380 / LogL: -57058.083 / Time: 0h:28m:23s (0h:5m:59s left)
Iteration 390 / LogL: -57052.219 / Time: 0h:29m:2s (0h:5m:13s left)
Iteration 400 / LogL: -57047.937 / Time: 0h:29m:40s (0h:4m:27s left)
Iteration 410 / LogL: -57047.406 / Time: 0h:30m:19s (0h:3m:42s left)
Iteration 420 / LogL: -57070.334 / Time: 0h:30m:56s (0h:2m:57s left)
Iteration 430 / LogL: -57045.166 / Time: 0h:31m:32s (0h:2m:12s left)
Iteration 440 / LogL: -57126.702 / Time: 0h:32m:7s (0h:1m:27s left)
Iteration 450 / LogL: -57049.128 / Time: 0h:32m:47s (0h:0m:43s left)
Iteration 460 / LogL: -57055.759 / Time: 0h:33m:23s (0h:0m:0s left)
TREE SEARCH COMPLETED AFTER 461 ITERATIONS / Time: 0h:33m:26s

--------------------------------------------------------------------
|                    FINALIZING TREE SEARCH                        |
--------------------------------------------------------------------
Performs final model parameters optimization
Estimate model parameters (epsilon = 0.010)
1. Initial log-likelihood: -57044.343
2. Current log-likelihood: -57044.311
3. Current log-likelihood: -57044.274
4. Current log-likelihood: -57044.229
5. Current log-likelihood: -57044.189
6. Current log-likelihood: -57044.150
7. Current log-likelihood: -57044.115
8. Current log-likelihood: -57044.079
9. Current log-likelihood: -57044.044
10. Current log-likelihood: -57044.009
11. Current log-likelihood: -57043.975
12. Current log-likelihood: -57043.944
13. Current log-likelihood: -57043.912
14. Current log-likelihood: -57043.889
15. Current log-likelihood: -57043.861
16. Current log-likelihood: -57043.830
17. Current log-likelihood: -57043.812
18. Current log-likelihood: -57043.791
19. Current log-likelihood: -57043.770
20. Current log-likelihood: -57043.749
21. Current log-likelihood: -57043.728
22. Current log-likelihood: -57043.710
23. Current log-likelihood: -57043.692
24. Current log-likelihood: -57043.673
25. Current log-likelihood: -57043.654
26. Current log-likelihood: -57043.637
27. Current log-likelihood: -57043.619
28. Current log-likelihood: -57043.602
29. Current log-likelihood: -57043.584
30. Current log-likelihood: -57043.567
31. Current log-likelihood: -57043.552
32. Current log-likelihood: -57043.537
33. Current log-likelihood: -57043.522
34. Current log-likelihood: -57043.505
35. Current log-likelihood: -57043.490
36. Current log-likelihood: -57043.476
37. Current log-likelihood: -57043.462
38. Current log-likelihood: -57043.449
39. Current log-likelihood: -57043.433
40. Current log-likelihood: -57043.419
41. Current log-likelihood: -57043.406
42. Current log-likelihood: -57043.393
43. Current log-likelihood: -57043.380
44. Current log-likelihood: -57043.368
45. Current log-likelihood: -57043.353
46. Current log-likelihood: -57043.340
47. Current log-likelihood: -57043.328
48. Current log-likelihood: -57043.316
49. Current log-likelihood: -57043.305
50. Current log-likelihood: -57043.294
51. Current log-likelihood: -57043.280
52. Current log-likelihood: -57043.268
53. Current log-likelihood: -57043.257
54. Current log-likelihood: -57043.246
55. Current log-likelihood: -57043.235
56. Current log-likelihood: -57043.225
57. Current log-likelihood: -57043.215
58. Current log-likelihood: -57043.205
59. Current log-likelihood: -57043.193
60. Current log-likelihood: -57043.183
Optimal log-likelihood: -57043.168
Rate parameters:  A-C: 1.03625  A-G: 2.61097  A-T: 1.50737  C-G: 0.84847  C-T: 3.32259  G-T: 1.00000
Base frequencies:  A: 0.268  C: 0.218  G: 0.223  T: 0.290
Site proportion and rates:  (0.066,0.026) (0.127,0.163) (0.138,0.447) (0.249,0.974) (0.421,1.601)
Parameters optimization took 60 rounds (87.747 sec)
BEST SCORE FOUND : -57043.168
Total tree length: 52.575

Total number of iterations: 461
CPU time used for tree search: 1948.059 sec (0h:32m:28s)
Wall-clock time used for tree search: 1960.014 sec (0h:32m:40s)
Total CPU time used: 2082.455 sec (0h:34m:42s)
Total wall-clock time used: 2094.720 sec (0h:34m:54s)

Analysis results written to: 
  IQ-TREE report:                /media/thong/sda/RCID/A.Phong/PhyloBuild/fasta/merged.aln.iqtree
  Maximum-likelihood tree:       /media/thong/sda/RCID/A.Phong/PhyloBuild/fasta/merged.aln.treefile
  Likelihood distances:          /media/thong/sda/RCID/A.Phong/PhyloBuild/fasta/merged.aln.mldist
  Screen log file:               /media/thong/sda/RCID/A.Phong/PhyloBuild/fasta/merged.aln.log

Date and Time: Thu Mar 13 10:12:05 2025
